<?xml version="1.0" encoding="UTF-8"?>
<!-- Generated by org.testng.reporters.JUnitReportReporter -->
<testsuite hostname="Bhushan_0409" failures="0" tests="1" name="grid.SeleniumGrid.DummyTest" time="4.186" errors="0" timestamp="2024-02-15T14:17:09 IST" skipped="0">
  <testcase classname="grid.SeleniumGrid.DummyTest" name="googleTest" time="4.186"/>
</testsuite> <!-- grid.SeleniumGrid.DummyTest -->
